C51 COMPILER V9.60.0.0   DAC                                                               02/03/2020 16:11:47 PAGE 1   


C51 COMPILER V9.60.0.0, COMPILATION OF MODULE DAC
OBJECT MODULE PLACED IN .\Objects\dac.obj
COMPILER INVOKED BY: D:\Program Files (x86)\KEIL\C51\BIN\C51.EXE dac.c OPTIMIZE(8,SPEED) BROWSE DEBUG OBJECTEXTEND PRINT
                    -(.\Listings\dac.lst) TABS(2) OBJECT(.\Objects\dac.obj)

line level    source

   1          #include<stc15f2k60s2.h>
   2          
   3          /*
   4          ILE 输入锁存允许信号,高电平有效
   5          CS 片选信号,低电平有效
   6          WR1 写信号1,低电平有效
   7          
   8          当ILE、CS、WR1同时有效时,LE1=1,输入寄存器的输出随输入而变化
   9          ILE=0,将输入数据锁存到输入寄存器
  10          
  11          XFER 转移控制信号，低电平有效
  12          WR2 写信号2,低电平有效
  13          
  14          当XFER、WR2同时有效时,LE2=1,DAC寄存器输出随输入而变化
  15          WR2=1,将输入数据锁存到DAC寄存器
  16          */
  17          
  18          sbit WR1=P1^0;                    //写脉冲引脚1
  19          sbit CS1=P1^1;                    //低位片选引脚
  20          sbit ILE=P1^2;                    //一直拉高
  21          sbit WR2=P1^3;                    //写脉冲引脚2
  22          sbit XFER=P1^4;                   //DAC更新引脚，锁存引脚
  23          sfr DAC_bus=0x80;                 //DAC数据总线
  24          
  25          
  26          
  27          void delay_us(int us)         //约微秒延时(us)
  28          {
  29   1        int i;
  30   1        for(;us--;us>0)
  31   1          for(i=12;i--;i>0);
  32   1      }
  33          
  34          void write_DAC_input_register(long int data_)   //DAC输入寄存器写数据，并锁存
  35          {
  36   1        //ILE不用理会，一直为高电平即可
  37   1        //在这个函数中，需要完成两个DAC的数据写入
  38   1        DAC_bus=data_;              //低8位数据写
  39   1        CS1=0;                      //选中低位DAC
  40   1        WR1=0;                      //低位DAC写脉冲
  41   1        WR1=1;                      //输入寄存器锁存
  42   1        CS1=1;                      //取消低位片选
  43   1      
  44   1      }
  45          
  46          void DAC_analog_output()      //DAC锁存器数据更新
  47          {
  48   1        XFER=0;                     //预更新信号
  49   1        WR2=0;                      //更新写脉冲
  50   1        WR2=1;                      //锁存数据
  51   1        XFER=1;                     //全部复位
  52   1      }
  53          
  54          void main()
C51 COMPILER V9.60.0.0   DAC                                                               02/03/2020 16:11:47 PAGE 2   

  55          {
  56   1        int i;
  57   1        WR1=WR2=CS1=XFER=0;         //处于直通状态
  58   1        while(1)
  59   1        {
  60   2          for(i=255;i--;i>=0)
  61   2          {
  62   3            DAC_bus=i;              //直接赋值
  63   3          }
  64   2        }
  65   1      }


MODULE INFORMATION:   STATIC OVERLAYABLE
   CODE SIZE        =     81    ----
   CONSTANT SIZE    =   ----    ----
   XDATA SIZE       =   ----    ----
   PDATA SIZE       =   ----    ----
   DATA SIZE        =   ----       4
   IDATA SIZE       =   ----    ----
   BIT SIZE         =   ----    ----
END OF MODULE INFORMATION.


C51 COMPILATION COMPLETE.  0 WARNING(S),  0 ERROR(S)
